TN:
SF:src\modules\custumers\services\CreateCustomerService.ts
FN:10,CreateCustomerService
FN:14,Object.<anonymous>.CreateCustomerService.execute
FNF:2
FNH:2
FNDA:17,CreateCustomerService
FNDA:15,Object.<anonymous>.CreateCustomerService.execute
DA:1,1
DA:2,1
DA:3,1
DA:4,1
DA:5,1
DA:6,1
DA:7,1
DA:8,7
DA:9,7
DA:10,7
DA:11,17
DA:12,17
DA:13,7
DA:14,7
DA:15,15
DA:16,15
DA:17,1
DA:18,1
DA:19,14
DA:20,14
DA:21,14
DA:22,14
DA:23,15
DA:24,15
DA:25,7
DA:26,1
DA:27,1
LF:27
LH:27
BRDA:8,0,0,7
BRDA:10,1,0,17
BRDA:14,2,0,15
BRDA:15,3,0,15
BRDA:16,4,0,1
BRDA:19,5,0,14
BRF:6
BRH:6
end_of_record
TN:
SF:src\modules\custumers\services\DeleteCustomerService.ts
FN:10,DeleteCustomerService
FN:14,Object.<anonymous>.DeleteCustomerService.execute
FNF:2
FNH:2
FNDA:2,DeleteCustomerService
FNDA:2,Object.<anonymous>.DeleteCustomerService.execute
DA:1,1
DA:2,1
DA:3,1
DA:4,1
DA:5,1
DA:6,1
DA:7,1
DA:8,1
DA:9,1
DA:10,1
DA:11,2
DA:12,2
DA:13,1
DA:14,1
DA:15,2
DA:16,2
DA:17,2
DA:18,2
DA:19,2
DA:20,1
DA:21,1
DA:22,1
DA:23,2
DA:24,2
DA:25,1
DA:26,1
DA:27,1
LF:27
LH:27
BRDA:9,0,0,1
BRDA:10,1,0,2
BRDA:14,2,0,2
BRDA:17,3,0,2
BRDA:19,4,0,1
BRF:5
BRH:5
end_of_record
TN:
SF:src\modules\custumers\services\ListCustomerService.ts
FN:7,ListCustomerService
FN:12,Object.<anonymous>.ListCustomerService.execute
FNF:2
FNH:2
FNDA:3,ListCustomerService
FNDA:2,Object.<anonymous>.ListCustomerService.execute
DA:1,1
DA:2,1
DA:3,1
DA:4,1
DA:5,1
DA:6,2
DA:7,3
DA:8,3
DA:9,3
DA:10,2
DA:11,2
DA:12,2
DA:13,2
DA:14,2
DA:15,2
DA:16,2
DA:17,1
DA:18,1
LF:18
LH:18
BRDA:6,0,0,2
BRDA:7,1,0,3
BRDA:12,2,0,2
BRDA:14,3,0,2
BRDA:14,4,0,2
BRF:5
BRH:5
end_of_record
TN:
SF:src\modules\custumers\services\ShowCustomerService.ts
FN:9,ShowCustomerService
FN:12,Object.<anonymous>.ShowCustomerService.execute
FNF:2
FNH:2
FNDA:2,ShowCustomerService
FNDA:2,Object.<anonymous>.ShowCustomerService.execute
DA:1,1
DA:2,1
DA:3,1
DA:4,1
DA:5,1
DA:6,1
DA:7,1
DA:8,1
DA:9,1
DA:10,2
DA:11,2
DA:12,1
DA:13,2
DA:14,2
DA:15,2
DA:16,2
DA:17,2
DA:18,1
DA:19,1
DA:20,1
DA:21,1
DA:22,2
DA:23,1
DA:24,1
DA:25,1
LF:25
LH:25
BRDA:8,0,0,1
BRDA:9,1,0,2
BRDA:12,2,0,2
BRDA:15,3,0,2
BRDA:17,4,0,1
BRF:5
BRH:5
end_of_record
TN:
SF:src\modules\custumers\services\UpdateCustomerService.ts
FN:11,UpdateCustomerService
FN:16,Object.<anonymous>.UpdateCustomerService.execute
FNF:2
FNH:2
FNDA:3,UpdateCustomerService
FNDA:3,Object.<anonymous>.UpdateCustomerService.execute
DA:1,1
DA:2,1
DA:3,1
DA:4,1
DA:5,1
DA:6,1
DA:7,1
DA:8,1
DA:9,1
DA:10,1
DA:11,1
DA:12,3
DA:13,3
DA:14,3
DA:15,1
DA:16,1
DA:17,3
DA:18,3
DA:19,3
DA:20,3
DA:21,1
DA:22,1
DA:23,2
DA:24,2
DA:25,3
DA:26,3
DA:27,1
DA:28,1
DA:29,1
DA:30,1
DA:31,1
DA:32,3
DA:33,3
DA:34,3
DA:35,1
DA:36,1
DA:37,1
LF:37
LH:37
BRDA:10,0,0,1
BRDA:11,1,0,3
BRDA:16,2,0,3
BRDA:18,3,0,3
BRDA:20,4,0,1
BRDA:23,5,0,2
BRDA:26,6,0,1
BRF:7
BRH:7
end_of_record
TN:
SF:src\modules\orders\services\CreateOrderService.ts
FN:12,CreateOrderService
FN:21,Object.<anonymous>.CreateOrderService.execute
FNF:2
FNH:2
FNDA:7,CreateOrderService
FNDA:6,Object.<anonymous>.CreateOrderService.execute
DA:1,1
DA:2,1
DA:3,1
DA:4,1
DA:5,1
DA:6,1
DA:7,1
DA:8,1
DA:9,1
DA:10,1
DA:11,2
DA:12,2
DA:13,7
DA:14,7
DA:15,7
DA:16,7
DA:17,7
DA:18,7
DA:19,7
DA:20,7
DA:21,2
DA:22,6
DA:23,6
DA:24,6
DA:25,6
DA:26,6
DA:27,6
DA:28,5
DA:29,5
DA:30,6
DA:31,6
DA:32,4
DA:33,4
DA:34,4
DA:35,4
DA:36,4
DA:37,4
DA:38,6
DA:39,1
DA:40,1
DA:41,1
DA:42,3
DA:43,3
DA:44,3
DA:45,3
DA:46,3
DA:47,3
DA:48,3
DA:49,6
DA:50,1
DA:51,1
DA:52,1
DA:53,1
DA:54,2
DA:55,2
DA:56,2
DA:57,2
DA:58,2
DA:59,2
DA:60,2
DA:61,2
DA:62,2
DA:63,2
DA:64,6
DA:65,6
DA:66,6
DA:67,6
DA:68,6
DA:69,6
DA:70,6
DA:71,6
DA:72,6
DA:73,6
DA:74,6
DA:75,6
DA:76,6
DA:77,6
DA:78,6
DA:79,2
DA:80,1
DA:81,1
LF:81
LH:81
BRDA:11,0,0,2
BRDA:12,1,0,7
BRDA:21,2,0,6
BRDA:25,3,0,6
BRDA:27,4,0,1
BRDA:28,5,0,5
BRDA:31,6,0,1
BRDA:32,7,0,4
BRDA:38,8,0,1
BRDA:42,9,0,3
BRDA:49,10,0,2
BRDA:49,11,0,1
BRDA:33,12,0,6
BRDA:35,13,0,7
BRDA:43,14,0,5
BRDA:44,15,0,9
BRDA:55,16,0,4
BRDA:58,17,0,8
BRDA:66,18,0,4
BRDA:69,19,0,8
BRF:20
BRH:20
end_of_record
TN:
SF:src\modules\orders\services\ShowOrderService.ts
FN:9,ShowOrderService
FN:13,Object.<anonymous>.ShowOrderService.execute
FNF:2
FNH:2
FNDA:2,ShowOrderService
FNDA:2,Object.<anonymous>.ShowOrderService.execute
DA:1,1
DA:2,1
DA:3,1
DA:4,1
DA:5,1
DA:6,1
DA:7,1
DA:8,1
DA:9,1
DA:10,2
DA:11,2
DA:12,2
DA:13,1
DA:14,2
DA:15,2
DA:16,2
DA:17,2
DA:18,2
DA:19,1
DA:20,1
DA:21,2
DA:22,1
DA:23,1
DA:24,1
LF:24
LH:24
BRDA:8,0,0,1
BRDA:9,1,0,2
BRDA:13,2,0,2
BRDA:15,3,0,2
BRDA:18,4,0,1
BRF:5
BRH:5
end_of_record
TN:
SF:src\modules\products\services\CreateProductService.ts
FN:10,CreateProductService
FN:14,Object.<anonymous>.CreateProductService.execute
FNF:2
FNH:2
FNDA:17,CreateProductService
FNDA:17,Object.<anonymous>.CreateProductService.execute
DA:1,1
DA:2,1
DA:3,1
DA:4,1
DA:5,1
DA:6,1
DA:7,1
DA:8,1
DA:9,7
DA:10,7
DA:11,17
DA:12,17
DA:13,17
DA:14,7
DA:15,17
DA:16,17
DA:17,17
DA:18,17
DA:19,17
DA:20,17
DA:21,1
DA:22,1
DA:23,16
DA:24,16
DA:25,16
DA:26,16
DA:27,16
DA:28,16
DA:29,16
DA:30,16
DA:31,17
DA:32,7
DA:33,1
DA:34,1
LF:34
LH:34
BRDA:9,0,0,7
BRDA:10,1,0,17
BRDA:14,2,0,17
BRDA:19,3,0,17
BRDA:20,4,0,1
BRDA:23,5,0,16
BRF:6
BRH:6
end_of_record
TN:
SF:src\modules\products\services\DeleteProductService.ts
FN:11,DeleteProductService
FN:16,Object.<anonymous>.DeleteProductService.execute
FNF:2
FNH:2
FNDA:2,DeleteProductService
FNDA:2,Object.<anonymous>.DeleteProductService.execute
DA:1,1
DA:2,1
DA:3,1
DA:4,1
DA:5,1
DA:6,1
DA:7,1
DA:8,1
DA:9,1
DA:10,1
DA:11,1
DA:12,2
DA:13,2
DA:14,2
DA:15,1
DA:16,1
DA:17,2
DA:18,2
DA:19,2
DA:20,2
DA:21,2
DA:22,2
DA:23,2
DA:24,2
DA:25,2
DA:26,1
DA:27,1
DA:28,1
LF:28
LH:28
BRDA:10,0,0,1
BRDA:11,1,0,2
BRDA:16,2,0,2
BRDA:17,3,0,2
BRF:4
BRH:4
end_of_record
TN:
SF:src\modules\products\services\ListProductService.ts
FN:8,ListProductService
FN:12,Object.<anonymous>.ListProductService.execute
FNF:2
FNH:2
FNDA:3,ListProductService
FNDA:2,Object.<anonymous>.ListProductService.execute
DA:1,1
DA:2,1
DA:3,1
DA:4,1
DA:5,1
DA:6,1
DA:7,2
DA:8,2
DA:9,3
DA:10,3
DA:11,3
DA:12,2
DA:13,2
DA:14,2
DA:15,2
DA:16,2
DA:17,2
DA:18,2
DA:19,2
DA:20,2
DA:21,2
DA:22,2
DA:23,2
DA:24,2
DA:25,2
DA:26,2
DA:27,2
DA:28,1
DA:29,1
LF:29
LH:29
BRDA:7,0,0,2
BRDA:8,1,0,3
BRDA:12,2,0,2
BRDA:23,3,0,2
BRF:4
BRH:4
end_of_record
TN:
SF:src\modules\products\services\ShowProductService.ts
FN:9,ShowProductService
FN:14,Object.<anonymous>.ShowProductService.execute
FNF:2
FNH:2
FNDA:2,ShowProductService
FNDA:2,Object.<anonymous>.ShowProductService.execute
DA:1,1
DA:2,1
DA:3,1
DA:4,1
DA:5,1
DA:6,1
DA:7,1
DA:8,1
DA:9,1
DA:10,2
DA:11,2
DA:12,2
DA:13,1
DA:14,1
DA:15,2
DA:16,2
DA:17,2
DA:18,2
DA:19,2
DA:20,1
DA:21,1
DA:22,1
DA:23,1
DA:24,2
DA:25,1
DA:26,1
DA:27,1
LF:27
LH:27
BRDA:8,0,0,1
BRDA:9,1,0,2
BRDA:14,2,0,2
BRDA:17,3,0,2
BRDA:19,4,0,1
BRF:5
BRH:5
end_of_record
TN:
SF:src\modules\products\services\UpdateProductService.ts
FN:10,UpdateProductService
FN:14,Object.<anonymous>.UpdateProductService.execute
FNF:2
FNH:2
FNDA:3,UpdateProductService
FNDA:3,Object.<anonymous>.UpdateProductService.execute
DA:1,1
DA:2,1
DA:3,1
DA:4,1
DA:5,1
DA:6,1
DA:7,1
DA:8,1
DA:9,1
DA:10,1
DA:11,3
DA:12,3
DA:13,3
DA:14,1
DA:15,3
DA:16,3
DA:17,3
DA:18,3
DA:19,3
DA:20,3
DA:21,3
DA:22,3
DA:23,1
DA:24,1
DA:25,2
DA:26,3
DA:27,3
DA:28,1
DA:29,1
DA:30,1
DA:31,1
DA:32,1
DA:33,1
DA:34,1
DA:35,1
DA:36,1
DA:37,1
DA:38,3
DA:39,3
DA:40,3
DA:41,1
DA:42,1
DA:43,1
LF:43
LH:43
BRDA:9,0,0,1
BRDA:10,1,0,3
BRDA:14,2,0,3
BRDA:20,3,0,3
BRDA:22,4,0,1
BRDA:25,5,0,2
BRDA:27,6,0,1
BRDA:27,7,0,1
BRF:8
BRH:8
end_of_record
TN:
SF:src\modules\users\services\CreateSessionService.ts
FN:12,CreateSessionsService
FN:18,Object.<anonymous>.CreateSessionsService.execute
FNF:2
FNH:2
FNDA:3,CreateSessionsService
FNDA:3,Object.<anonymous>.CreateSessionsService.execute
DA:1,1
DA:2,1
DA:3,1
DA:4,1
DA:5,1
DA:6,1
DA:7,1
DA:8,1
DA:9,1
DA:10,1
DA:11,1
DA:12,1
DA:13,3
DA:14,3
DA:15,3
DA:16,3
DA:17,3
DA:18,1
DA:19,3
DA:20,3
DA:21,3
DA:22,3
DA:23,3
DA:24,3
DA:25,1
DA:26,1
DA:27,2
DA:28,2
DA:29,2
DA:30,2
DA:31,2
DA:32,3
DA:33,3
DA:34,1
DA:35,1
DA:36,1
DA:37,1
DA:38,1
DA:39,1
DA:40,1
DA:41,1
DA:42,1
DA:43,1
DA:44,1
DA:45,3
DA:46,1
DA:47,1
DA:48,1
LF:48
LH:48
BRDA:11,0,0,1
BRDA:12,1,0,3
BRDA:18,2,0,3
BRDA:22,3,0,3
BRDA:24,4,0,1
BRDA:27,5,0,2
BRDA:33,6,0,1
BRF:7
BRH:7
end_of_record
TN:
SF:src\modules\users\services\CreateUserService.ts
FN:11,CreateUserService
FN:17,Object.<anonymous>.CreateUserService.execute
FNF:2
FNH:2
FNDA:22,CreateUserService
FNDA:19,Object.<anonymous>.CreateUserService.execute
DA:1,1
DA:2,1
DA:3,1
DA:4,1
DA:5,1
DA:6,1
DA:7,1
DA:8,1
DA:9,7
DA:10,7
DA:11,7
DA:12,22
DA:13,22
DA:14,22
DA:15,22
DA:16,22
DA:17,7
DA:18,19
DA:19,19
DA:20,19
DA:21,1
DA:22,1
DA:23,19
DA:24,1
DA:25,1
DA:26,1
DA:27,1
DA:28,17
DA:29,17
DA:30,19
DA:31,19
DA:32,19
DA:33,19
DA:34,19
DA:35,19
DA:36,19
DA:37,7
DA:38,1
DA:39,1
LF:39
LH:39
BRDA:9,0,0,7
BRDA:11,1,0,22
BRDA:17,2,0,19
BRDA:18,3,0,19
BRDA:20,4,0,1
BRDA:23,5,0,18
BRDA:23,6,0,1
BRDA:28,7,0,17
BRF:8
BRH:8
end_of_record
TN:
SF:src\modules\users\services\ListUserService.ts
FN:7,ListUserService
FN:11,Object.<anonymous>.ListUserService.execute
FNF:2
FNH:2
FNDA:1,ListUserService
FNDA:1,Object.<anonymous>.ListUserService.execute
DA:1,1
DA:2,1
DA:3,1
DA:4,1
DA:5,1
DA:6,1
DA:7,1
DA:8,1
DA:9,1
DA:10,1
DA:11,1
DA:12,1
DA:13,1
DA:14,1
DA:15,1
DA:16,1
DA:17,1
DA:18,1
LF:18
LH:18
BRDA:6,0,0,1
BRDA:7,1,0,1
BRDA:11,2,0,1
BRDA:12,3,0,1
BRF:4
BRH:4
end_of_record
TN:
SF:src\modules\users\services\ResetPasswordService.ts
FN:12,ResetPasswordService
FN:22,Object.<anonymous>.ResetPasswordService.execute
FNF:2
FNH:2
FNDA:5,ResetPasswordService
FNDA:4,Object.<anonymous>.ResetPasswordService.execute
DA:1,1
DA:2,1
DA:3,1
DA:4,1
DA:5,1
DA:6,1
DA:7,1
DA:8,1
DA:9,1
DA:10,1
DA:11,1
DA:12,1
DA:13,5
DA:14,5
DA:15,5
DA:16,5
DA:17,5
DA:18,5
DA:19,5
DA:20,5
DA:21,1
DA:22,1
DA:23,4
DA:24,4
DA:25,4
DA:26,1
DA:27,1
DA:28,3
DA:29,4
DA:30,4
DA:31,4
DA:32,4
DA:33,4
DA:34,4
DA:35,4
DA:36,4
DA:37,1
DA:38,1
DA:39,2
DA:40,4
DA:41,1
DA:42,1
DA:43,1
DA:44,1
DA:45,1
DA:46,4
DA:47,4
DA:48,4
DA:49,4
DA:50,4
DA:51,1
DA:52,1
DA:53,1
LF:53
LH:53
BRDA:11,0,0,1
BRDA:12,1,0,5
BRDA:22,2,0,4
BRDA:23,3,0,4
BRDA:25,4,0,1
BRDA:28,5,0,3
BRDA:31,6,0,0
BRDA:36,7,0,1
BRDA:39,8,0,2
BRDA:40,9,0,1
BRF:10
BRH:9
end_of_record
TN:
SF:src\modules\users\services\SendForgotPasswordEmailService.ts
FN:12,SendForgotPasswordEmailService
FN:19,Object.<anonymous>.SendForgotPasswordEmailService.execute
FNF:2
FNH:2
FNDA:5,SendForgotPasswordEmailService
FNDA:4,Object.<anonymous>.SendForgotPasswordEmailService.execute
DA:1,1
DA:2,1
DA:3,1
DA:4,1
DA:5,1
DA:6,1
DA:7,1
DA:8,1
DA:9,1
DA:10,1
DA:11,1
DA:12,1
DA:13,5
DA:14,5
DA:15,5
DA:16,5
DA:17,5
DA:18,5
DA:19,1
DA:20,4
DA:21,4
DA:22,4
DA:23,4
DA:24,4
DA:25,1
DA:26,1
DA:27,3
DA:28,3
DA:29,4
DA:30,4
DA:31,4
DA:32,4
DA:33,4
DA:34,4
DA:35,4
DA:36,4
DA:37,4
DA:38,4
DA:39,4
DA:40,4
DA:41,4
DA:42,4
DA:43,4
DA:44,4
DA:45,4
DA:46,4
DA:47,4
DA:48,4
DA:49,4
DA:50,4
DA:51,4
DA:52,4
DA:53,4
DA:54,4
DA:55,1
DA:56,1
DA:57,1
LF:57
LH:57
BRDA:11,0,0,1
BRDA:12,1,0,5
BRDA:19,2,0,4
BRDA:22,3,0,4
BRDA:24,4,0,1
BRDA:27,5,0,3
BRF:6
BRH:6
end_of_record
TN:
SF:src\modules\users\services\ShowProfileService.ts
FN:9,ShowProfileService
FN:13,Object.<anonymous>.ShowProfileService.execute
FNF:2
FNH:2
FNDA:2,ShowProfileService
FNDA:2,Object.<anonymous>.ShowProfileService.execute
DA:1,1
DA:2,1
DA:3,1
DA:4,1
DA:5,1
DA:6,1
DA:7,1
DA:8,1
DA:9,1
DA:10,2
DA:11,2
DA:12,2
DA:13,1
DA:14,2
DA:15,2
DA:16,2
DA:17,1
DA:18,1
DA:19,1
DA:20,1
DA:21,2
DA:22,1
DA:23,1
DA:24,1
LF:24
LH:24
BRDA:8,0,0,1
BRDA:9,1,0,2
BRDA:13,2,0,2
BRDA:14,3,0,2
BRDA:16,4,0,1
BRF:5
BRH:5
end_of_record
TN:
SF:src\modules\users\services\UpdateProfileService.ts
FN:11,UpdateProfileService
FN:17,Object.<anonymous>.UpdateProfileService.execute
FNF:2
FNH:2
FNDA:6,UpdateProfileService
FNDA:6,Object.<anonymous>.UpdateProfileService.execute
DA:1,1
DA:2,1
DA:3,1
DA:4,1
DA:5,1
DA:6,1
DA:7,1
DA:8,1
DA:9,1
DA:10,1
DA:11,1
DA:12,6
DA:13,6
DA:14,6
DA:15,6
DA:16,6
DA:17,1
DA:18,6
DA:19,6
DA:20,6
DA:21,6
DA:22,6
DA:23,6
DA:24,6
DA:25,6
DA:26,6
DA:27,1
DA:28,1
DA:29,5
DA:30,5
DA:31,6
DA:32,6
DA:33,1
DA:34,1
DA:35,6
DA:36,6
DA:37,1
DA:38,1
DA:39,2
DA:40,6
DA:41,1
DA:42,6
DA:43,6
DA:44,6
DA:45,6
DA:46,6
DA:47,6
DA:48,6
DA:49,6
DA:50,1
DA:51,1
DA:52,1
LF:52
LH:52
BRDA:9,0,0,1
BRDA:11,1,0,6
BRDA:17,2,0,6
BRDA:24,3,0,6
BRDA:26,4,0,1
BRDA:29,5,0,5
BRDA:32,6,0,4
BRDA:32,7,0,1
BRDA:35,8,0,4
BRDA:35,9,0,1
BRDA:35,10,0,3
BRDA:36,11,0,1
BRDA:39,12,0,2
BRDA:40,13,0,1
BRF:14
BRH:14
end_of_record
TN:
SF:src\modules\users\services\UpdateUserAvatarService.ts
FN:12,UpdateUserAvatarService
FN:16,Object.<anonymous>.UpdateUserAvatarService.execute
FNF:2
FNH:2
FNDA:2,UpdateUserAvatarService
FNDA:2,Object.<anonymous>.UpdateUserAvatarService.execute
DA:1,1
DA:2,1
DA:3,1
DA:4,1
DA:5,1
DA:6,1
DA:7,1
DA:8,1
DA:9,1
DA:10,1
DA:11,1
DA:12,1
DA:13,2
DA:14,2
DA:15,2
DA:16,1
DA:17,2
DA:18,2
DA:19,2
DA:20,2
DA:21,2
DA:22,2
DA:23,1
DA:24,1
DA:25,1
DA:26,2
DA:27,0
DA:28,0
DA:29,2
DA:30,2
DA:31,2
DA:32,2
DA:33,2
DA:34,2
DA:35,2
DA:36,2
DA:37,2
DA:38,2
DA:39,2
DA:40,2
DA:41,1
DA:42,1
DA:43,1
LF:43
LH:41
BRDA:11,0,0,1
BRDA:12,1,0,2
BRDA:16,2,0,2
BRDA:20,3,0,2
BRDA:22,4,0,1
BRDA:26,5,0,0
BRF:6
BRH:5
end_of_record
